Arguments: 
  /Users/torwayfarer/.nvm/versions/node/v11.10.0/bin/node /usr/local/Cellar/yarn/1.17.3/libexec/bin/yarn.js

PATH: 
  /Library/Frameworks/Python.framework/Versions/3.6/bin:/Users/torwayfarer/.nvm/versions/node/v11.10.0/bin:/Users/torwayfarer/anaconda3/bin:/usr/local/bin:/usr/bin:/bin:/usr/sbin:/sbin:/Library/TeX/texbin

Yarn version: 
  1.17.3

Node version: 
  11.10.0

Platform: 
  darwin x64

Trace: 
  Error: read ECONNRESET
      at TLSWrap.onStreamRead (internal/stream_base_commons.js:162:27)

npm manifest: 
  {
    "name": "frontend",
    "version": "0.1.0",
    "homepage": "./",
    "private": true,
    "engines": {
      "yarn": "1.17.3",
      "npm": "6.9.0",
      "node": "11.10.0"
    },
    "dependencies": {
      "@material-ui/core": "^4.5.2",
      "@material-ui/icons": "^4.5.1",
      "axios": "^0.18.0",
      "bootstrap": "^4.1.3",
      "create-react-class": "^15.6.3",
      "firebase-tools": "^7.6.2",
      "gh-pages": "^2.1.1",
      "http-proxy-middleware": "^0.20.0",
      "material-ui-icons": "^1.0.0-beta.36",
      "prop-types": "^15.7.2",
      "react": "^16.5.2",
      "react-bootstrap": "^1.0.0-beta.14",
      "react-dom": "^16.5.2",
      "react-router-dom": "^5.1.2",
      "react-scripts": "2.0.5",
      "react-spring": "^8.0.27",
      "react-vis": "^1.11.7",
      "reactstrap": "^6.5.0"
    },
    "scripts": {
      "start": "react-scripts start",
      "build": "react-scripts build",
      "test": "react-scripts test",
      "eject": "react-scripts eject"
    },
    "eslintConfig": {
      "extends": "react-app"
    },
    "browserslist": {
      "production": [
        ">0.2%",
        "not dead",
        "not op_mini all"
      ],
      "development": [
        "last 1 chrome version",
        "last 1 firefox version",
        "last 1 safari version"
      ]
    }
  }

yarn manifest: 
  No manifest

Lockfile: 
  # THIS IS AN AUTOGENERATED FILE. DO NOT EDIT THIS FILE DIRECTLY.
  # yarn lockfile v1
